countryPicker/build/intermediates/manifest_merge_blame_file/release/manifest-merger-blame-release-report.txt
1<?xml version="1.0" encoding="utf-8"?>
2<manifest xmlns:android="http://schemas.android.com/apk/res/android"
3    package="com.countrypicker" >
4
5    <uses-sdk android:minSdkVersion="17" />
5-->src/main/AndroidManifest.xml
6
7    <application
7-->src/main/AndroidManifest.xml:5:5-9:19
8        android:allowBackup="true"
8-->src/main/AndroidManifest.xml:6:9-35
9        android:label="@string/app_name"
9-->src/main/AndroidManifest.xml:7:9-41
10        android:theme="@style/AppTheme" >
10-->src/main/AndroidManifest.xml:8:9-40
11    </application>
12
13</manifest>